#
# There is insufficient memory for the Java Runtime Environment to continue.
# Native memory allocation (malloc) failed to allocate 32744 bytes for ChunkPool::allocate
# Possible reasons:
#   The system is out of physical RAM or swap space
#   The process is running with CompressedOops enabled, and the Java Heap may be blocking the growth of the native heap
# Possible solutions:
#   Reduce memory load on the system
#   Increase physical memory or swap space
#   Check if swap backing store is full
#   Decrease Java heap size (-Xmx/-Xms)
#   Decrease number of Java threads
#   Decrease Java thread stack sizes (-Xss)
#   Set larger code cache with -XX:ReservedCodeCacheSize=
#   JVM is running with Unscaled Compressed Oops mode in which the Java heap is
#     placed in the first 4GB address space. The Java Heap base address is the
#     maximum limit for the native heap growth. Please use -XX:HeapBaseMinAddress
#     to set the Java Heap base and to place the Java Heap above 4GB virtual address.
# This output file may be truncated or incomplete.
#
#  Out of Memory Error (arena.cpp:78), pid=17900, tid=15180
#
# JRE version: OpenJDK Runtime Environment Temurin-17.0.1+12 (17.0.1+12) (build 17.0.1+12)
# Java VM: OpenJDK 64-Bit Server VM Temurin-17.0.1+12 (17.0.1+12, mixed mode, tiered, compressed oops, compressed class ptrs, g1 gc, windows-amd64)
# No core dump will be written. Minidumps are not enabled by default on client versions of Windows
#

---------------  S U M M A R Y ------------

Command Line: -ea -Dfile.encoding=Cp1252 -XX:+ShowCodeDetailsInExceptionMessages org.testng.remote.RemoteTestNG -serport 56615 -protocol json -d C:\Users\nandu\git\PIV\bobcares\test-output C:\Users\nandu\AppData\Local\Temp\testng-eclipse--1741070099\testng-customsuite.xml

Host: Intel(R) Core(TM) i3-3220 CPU @ 3.30GHz, 4 cores, 3G,  Windows 10 , 64 bit Build 19041 (10.0.19041.1889)
Time: Fri Oct 14 11:40:35 2022 India Standard Time elapsed time: 53.712160 seconds (0d 0h 0m 53s)

---------------  T H R E A D  ---------------

Current thread (0x0000020ec4047ca0):  JavaThread "C1 CompilerThread0" daemon [_thread_in_vm, id=15180, stack(0x000000cdac300000,0x000000cdac400000)]


Current CompileTask:
C1:  53712 3053       3       java.io.OutputStream::write (34 bytes)

Stack: [0x000000cdac300000,0x000000cdac400000]
Native frames: (J=compiled Java code, j=interpreted, Vv=VM code, C=native code)
V  [jvm.dll+0x6744da]
V  [jvm.dll+0x82e144]
V  [jvm.dll+0x82f8ee]
V  [jvm.dll+0x82ff53]
V  [jvm.dll+0x245175]
V  [jvm.dll+0xabaa0]
V  [jvm.dll+0xabdec]
V  [jvm.dll+0x1d457b]
V  [jvm.dll+0x1c16f4]
V  [jvm.dll+0x226cd7]
V  [jvm.dll+0x224f7c]
V  [jvm.dll+0x7e3f5b]
V  [jvm.dll+0x7de51a]
V  [jvm.dll+0x673305]
C  [ucrtbase.dll+0x21bb2]
C  [KERNEL32.DLL+0x17034]
C  [ntdll.dll+0x526a1]


---------------  P R O C E S S  ---------------

Threads class SMR info:
_java_thread_list=0x0000020ec7d60240, length=28, elements={
0x0000020eacf4f130, 0x0000020ec3fe2a30, 0x0000020ec3fe3ae0, 0x0000020ec3fb76c0,
0x0000020ec4022030, 0x0000020ec4023900, 0x0000020ec40242b0, 0x0000020ec4027050,
0x0000020ec4047ca0, 0x0000020ec404e6d0, 0x0000020ec4e781d0, 0x0000020ec4e936c0,
0x0000020ec56d08d0, 0x0000020ec5ff01a0, 0x0000020ec7c7e930, 0x0000020ec6663190,
0x0000020ec7d66240, 0x0000020ec6550ee0, 0x0000020ec6550a10, 0x0000020ec65513b0,
0x0000020ec6551880, 0x0000020ec6550540, 0x0000020ec6550070, 0x0000020ec61fbc00,
0x0000020ec61fe750, 0x0000020ec6202f80, 0x0000020ec6203450, 0x0000020ec61fc0d0
}

Java Threads: ( => current thread )
  0x0000020eacf4f130 JavaThread "Forwarding get on session f23c81b3-c8e2-48dc-b79b-f2b8fcc08d9c to remote" [_thread_in_native, id=11880, stack(0x000000cdab500000,0x000000cdab600000)]
  0x0000020ec3fe2a30 JavaThread "Reference Handler" daemon [_thread_blocked, id=19716, stack(0x000000cdabc00000,0x000000cdabd00000)]
  0x0000020ec3fe3ae0 JavaThread "Finalizer" daemon [_thread_blocked, id=17296, stack(0x000000cdabd00000,0x000000cdabe00000)]
  0x0000020ec3fb76c0 JavaThread "Signal Dispatcher" daemon [_thread_blocked, id=15316, stack(0x000000cdabe00000,0x000000cdabf00000)]
  0x0000020ec4022030 JavaThread "Attach Listener" daemon [_thread_blocked, id=13216, stack(0x000000cdabf00000,0x000000cdac000000)]
  0x0000020ec4023900 JavaThread "Service Thread" daemon [_thread_blocked, id=18492, stack(0x000000cdac000000,0x000000cdac100000)]
  0x0000020ec40242b0 JavaThread "Monitor Deflation Thread" daemon [_thread_blocked, id=19596, stack(0x000000cdac100000,0x000000cdac200000)]
  0x0000020ec4027050 JavaThread "C2 CompilerThread0" daemon [_thread_in_native, id=20164, stack(0x000000cdac200000,0x000000cdac300000)]
=>0x0000020ec4047ca0 JavaThread "C1 CompilerThread0" daemon [_thread_in_vm, id=15180, stack(0x000000cdac300000,0x000000cdac400000)]
  0x0000020ec404e6d0 JavaThread "Sweeper thread" daemon [_thread_blocked, id=20044, stack(0x000000cdac400000,0x000000cdac500000)]
  0x0000020ec4e781d0 JavaThread "Notification Thread" daemon [_thread_blocked, id=18420, stack(0x000000cdac500000,0x000000cdac600000)]
  0x0000020ec4e936c0 JavaThread "Common-Cleaner" daemon [_thread_blocked, id=17048, stack(0x000000cdac700000,0x000000cdac800000)]
  0x0000020ec56d08d0 JavaThread "ReaderThread" [_thread_in_native, id=17116, stack(0x000000cdaca00000,0x000000cdacb00000)]
  0x0000020ec5ff01a0 JavaThread "Exec Default Executor" daemon [_thread_in_native, id=18392, stack(0x000000cdac800000,0x000000cdac900000)]
  0x0000020ec7c7e930 JavaThread "Exec Stream Pumper" daemon [_thread_in_native, id=24504, stack(0x000000cdacf00000,0x000000cdad000000)]
  0x0000020ec6663190 JavaThread "Exec Stream Pumper" daemon [_thread_in_native, id=4224, stack(0x000000cdad000000,0x000000cdad100000)]
  0x0000020ec7d66240 JavaThread "ForkJoinPool.commonPool-worker-1" daemon [_thread_blocked, id=23624, stack(0x000000cdad100000,0x000000cdad200000)]
  0x0000020ec6550ee0 JavaThread "OkHttp ConnectionPool" daemon [_thread_blocked, id=24112, stack(0x000000cdad200000,0x000000cdad300000)]
  0x0000020ec6550a10 JavaThread "Okio Watchdog" daemon [_thread_blocked, id=23376, stack(0x000000cdad300000,0x000000cdad400000)]
  0x0000020ec65513b0 JavaThread "Exec Default Executor" daemon [_thread_in_native, id=22264, stack(0x000000cdad500000,0x000000cdad600000)]
  0x0000020ec6551880 JavaThread "Exec Stream Pumper" daemon [_thread_in_native, id=18100, stack(0x000000cdad600000,0x000000cdad700000)]
  0x0000020ec6550540 JavaThread "Exec Stream Pumper" daemon [_thread_in_native, id=24064, stack(0x000000cdad700000,0x000000cdad800000)]
  0x0000020ec6550070 JavaThread "Exec Default Executor" daemon [_thread_in_native, id=15928, stack(0x000000cdad800000,0x000000cdad900000)]
  0x0000020ec61fbc00 JavaThread "Exec Stream Pumper" daemon [_thread_in_native, id=19480, stack(0x000000cdad900000,0x000000cdada00000)]
  0x0000020ec61fe750 JavaThread "Exec Stream Pumper" daemon [_thread_in_native, id=24280, stack(0x000000cdada00000,0x000000cdadb00000)]
  0x0000020ec6202f80 JavaThread "Exec Default Executor" daemon [_thread_in_native, id=22792, stack(0x000000cdadb00000,0x000000cdadc00000)]
  0x0000020ec6203450 JavaThread "Exec Stream Pumper" daemon [_thread_in_native, id=13580, stack(0x000000cdadc00000,0x000000cdadd00000)]
  0x0000020ec61fc0d0 JavaThread "Exec Stream Pumper" daemon [_thread_in_native, id=19800, stack(0x000000cdadd00000,0x000000cdade00000)]

Other Threads:
  0x0000020ead00d6d0 VMThread "VM Thread" [stack: 0x000000cdabb00000,0x000000cdabc00000] [id=21460]
  0x0000020ec4e78ab0 WatcherThread [stack: 0x000000cdac600000,0x000000cdac700000] [id=20296]
  0x0000020eacf7c950 GCTaskThread "GC Thread#0" [stack: 0x000000cdab600000,0x000000cdab700000] [id=17536]
  0x0000020ec57f7d10 GCTaskThread "GC Thread#1" [stack: 0x000000cdacb00000,0x000000cdacc00000] [id=18368]
  0x0000020ec55f7480 GCTaskThread "GC Thread#2" [stack: 0x000000cdacc00000,0x000000cdacd00000] [id=23584]
  0x0000020ec5810550 GCTaskThread "GC Thread#3" [stack: 0x000000cdacd00000,0x000000cdace00000] [id=23580]
  0x0000020eacf86d00 ConcurrentGCThread "G1 Main Marker" [stack: 0x000000cdab700000,0x000000cdab800000] [id=15876]
  0x0000020eacf87710 ConcurrentGCThread "G1 Conc#0" [stack: 0x000000cdab800000,0x000000cdab900000] [id=17572]
  0x0000020eacfdaa00 ConcurrentGCThread "G1 Refine#0" [stack: 0x000000cdab900000,0x000000cdaba00000] [id=14512]
  0x0000020eacfdb420 ConcurrentGCThread "G1 Service" [stack: 0x000000cdaba00000,0x000000cdabb00000] [id=12804]

Threads with active compile tasks:
C2 CompilerThread0    53761 3050   !   4       java.io.PrintStream::write (66 bytes)
C1 CompilerThread0    53762 3053       3       java.io.OutputStream::write (34 bytes)

VM state: not at safepoint (normal execution)

VM Mutex/Monitor currently owned by a thread: None

Heap address: 0x00000000c1a00000, size: 998 MB, Compressed Oops mode: 32-bit

CDS archive(s) not mapped
Compressed class space mapped at: 0x0000000100000000-0x0000000140000000, reserved size: 1073741824
Narrow klass base: 0x0000000000000000, Narrow klass shift: 3, Narrow klass range: 0x140000000

GC Precious Log:
 CPUs: 4 total, 4 available
 Memory: 3990M
 Large Page Support: Disabled
 NUMA Support: Disabled
 Compressed Oops: Enabled (32-bit)
 Heap Region Size: 1M
 Heap Min Capacity: 8M
 Heap Initial Capacity: 64M
 Heap Max Capacity: 998M
 Pre-touch: Disabled
 Parallel Workers: 4
 Concurrent Workers: 1
 Concurrent Refinement Workers: 4
 Periodic GC: Disabled

Heap:
 garbage-first heap   total 154624K, used 55564K [0x00000000c1a00000, 0x0000000100000000)
  region size 1024K, 35 young (35840K), 2 survivors (2048K)
 Metaspace       used 33857K, committed 34112K, reserved 1081344K
  class space    used 3791K, committed 3904K, reserved 1048576K

Heap Regions: E=young(eden), S=young(survivor), O=old, HS=humongous(starts), HC=humongous(continues), CS=collection set, F=free, OA=open archive, CA=closed archive, TAMS=top-at-mark-start (previous, next)
|   0|0x00000000c1a00000, 0x00000000c1b00000, 0x00000000c1b00000|100%|HS|  |TAMS 0x00000000c1b00000, 0x00000000c1a00000| Complete 
|   1|0x00000000c1b00000, 0x00000000c1c00000, 0x00000000c1c00000|100%|HS|  |TAMS 0x00000000c1c00000, 0x00000000c1b00000| Complete 
|   2|0x00000000c1c00000, 0x00000000c1d00000, 0x00000000c1d00000|100%|HC|  |TAMS 0x00000000c1d00000, 0x00000000c1c00000| Complete 
|   3|0x00000000c1d00000, 0x00000000c1e00000, 0x00000000c1e00000|100%|HS|  |TAMS 0x00000000c1e00000, 0x00000000c1d00000| Complete 
|   4|0x00000000c1e00000, 0x00000000c1f00000, 0x00000000c1f00000|100%|HS|  |TAMS 0x00000000c1f00000, 0x00000000c1e00000| Complete 
|   5|0x00000000c1f00000, 0x00000000c2000000, 0x00000000c2000000|100%|HC|  |TAMS 0x00000000c2000000, 0x00000000c1f00000| Complete 
|   6|0x00000000c2000000, 0x00000000c2100000, 0x00000000c2100000|100%|HS|  |TAMS 0x00000000c2100000, 0x00000000c2000000| Complete 
|   7|0x00000000c2100000, 0x00000000c2200000, 0x00000000c2200000|100%| O|  |TAMS 0x00000000c2200000, 0x00000000c2100000| Untracked 
|   8|0x00000000c2200000, 0x00000000c2300000, 0x00000000c2300000|100%| O|  |TAMS 0x00000000c2300000, 0x00000000c2200000| Untracked 
|   9|0x00000000c2300000, 0x00000000c2400000, 0x00000000c2400000|100%| O|  |TAMS 0x00000000c2400000, 0x00000000c2300000| Untracked 
|  10|0x00000000c2400000, 0x00000000c2500000, 0x00000000c2500000|100%| O|  |TAMS 0x00000000c2500000, 0x00000000c2400000| Untracked 
|  11|0x00000000c2500000, 0x00000000c2600000, 0x00000000c2600000|100%| O|  |TAMS 0x00000000c2600000, 0x00000000c2500000| Untracked 
|  12|0x00000000c2600000, 0x00000000c2700000, 0x00000000c2700000|100%| O|  |TAMS 0x00000000c2700000, 0x00000000c2600000| Untracked 
|  13|0x00000000c2700000, 0x00000000c2800000, 0x00000000c2800000|100%| O|  |TAMS 0x00000000c2800000, 0x00000000c2700000| Untracked 
|  14|0x00000000c2800000, 0x00000000c2900000, 0x00000000c2900000|100%| O|  |TAMS 0x00000000c2900000, 0x00000000c2800000| Untracked 
|  15|0x00000000c2900000, 0x00000000c2900000, 0x00000000c2a00000|  0%| F|  |TAMS 0x00000000c2900000, 0x00000000c2900000| Untracked 
|  16|0x00000000c2a00000, 0x00000000c2b00000, 0x00000000c2b00000|100%| O|  |TAMS 0x00000000c2a23e00, 0x00000000c2a00000| Untracked 
|  17|0x00000000c2b00000, 0x00000000c2c00000, 0x00000000c2c00000|100%| O|  |TAMS 0x00000000c2b00000, 0x00000000c2b00000| Untracked 
|  18|0x00000000c2c00000, 0x00000000c2d00000, 0x00000000c2d00000|100%| O|  |TAMS 0x00000000c2c00000, 0x00000000c2c00000| Untracked 
|  19|0x00000000c2d00000, 0x00000000c2e00000, 0x00000000c2e00000|100%| O|  |TAMS 0x00000000c2d00000, 0x00000000c2d00000| Untracked 
|  20|0x00000000c2e00000, 0x00000000c2f00000, 0x00000000c2f00000|100%| O|  |TAMS 0x00000000c2e00000, 0x00000000c2e00000| Untracked 
|  21|0x00000000c2f00000, 0x00000000c2f5dc00, 0x00000000c3000000| 36%| O|  |TAMS 0x00000000c2f00000, 0x00000000c2f00000| Untracked 
|  22|0x00000000c3000000, 0x00000000c3000000, 0x00000000c3100000|  0%| F|  |TAMS 0x00000000c3000000, 0x00000000c3000000| Untracked 
|  23|0x00000000c3100000, 0x00000000c3100000, 0x00000000c3200000|  0%| F|  |TAMS 0x00000000c3100000, 0x00000000c3100000| Untracked 
|  24|0x00000000c3200000, 0x00000000c3200000, 0x00000000c3300000|  0%| F|  |TAMS 0x00000000c3200000, 0x00000000c3200000| Untracked 
|  25|0x00000000c3300000, 0x00000000c3300000, 0x00000000c3400000|  0%| F|  |TAMS 0x00000000c3300000, 0x00000000c3300000| Untracked 
|  26|0x00000000c3400000, 0x00000000c3400000, 0x00000000c3500000|  0%| F|  |TAMS 0x00000000c3400000, 0x00000000c3400000| Untracked 
|  27|0x00000000c3500000, 0x00000000c3500000, 0x00000000c3600000|  0%| F|  |TAMS 0x00000000c3500000, 0x00000000c3500000| Untracked 
|  28|0x00000000c3600000, 0x00000000c3600000, 0x00000000c3700000|  0%| F|  |TAMS 0x00000000c3600000, 0x00000000c3600000| Untracked 
|  29|0x00000000c3700000, 0x00000000c3700000, 0x00000000c3800000|  0%| F|  |TAMS 0x00000000c3700000, 0x00000000c3700000| Untracked 
|  30|0x00000000c3800000, 0x00000000c3800000, 0x00000000c3900000|  0%| F|  |TAMS 0x00000000c3800000, 0x00000000c3800000| Untracked 
|  31|0x00000000c3900000, 0x00000000c3900000, 0x00000000c3a00000|  0%| F|  |TAMS 0x00000000c3900000, 0x00000000c3900000| Untracked 
|  32|0x00000000c3a00000, 0x00000000c3a00000, 0x00000000c3b00000|  0%| F|  |TAMS 0x00000000c3a00000, 0x00000000c3a00000| Untracked 
|  33|0x00000000c3b00000, 0x00000000c3b00000, 0x00000000c3c00000|  0%| F|  |TAMS 0x00000000c3b00000, 0x00000000c3b00000| Untracked 
|  34|0x00000000c3c00000, 0x00000000c3c00000, 0x00000000c3d00000|  0%| F|  |TAMS 0x00000000c3c00000, 0x00000000c3c00000| Untracked 
|  35|0x00000000c3d00000, 0x00000000c3d00000, 0x00000000c3e00000|  0%| F|  |TAMS 0x00000000c3d00000, 0x00000000c3d00000| Untracked 
|  36|0x00000000c3e00000, 0x00000000c3e00000, 0x00000000c3f00000|  0%| F|  |TAMS 0x00000000c3e00000, 0x00000000c3e00000| Untracked 
|  37|0x00000000c3f00000, 0x00000000c3f00000, 0x00000000c4000000|  0%| F|  |TAMS 0x00000000c3f00000, 0x00000000c3f00000| Untracked 
|  38|0x00000000c4000000, 0x00000000c4000000, 0x00000000c4100000|  0%| F|  |TAMS 0x00000000c4000000, 0x00000000c4000000| Untracked 
|  39|0x00000000c4100000, 0x00000000c4100000, 0x00000000c4200000|  0%| F|  |TAMS 0x00000000c4100000, 0x00000000c4100000| Untracked 
|  40|0x00000000c4200000, 0x00000000c42e5740, 0x00000000c4300000| 89%| S|CS|TAMS 0x00000000c4200000, 0x00000000c4200000| Complete 
|  41|0x00000000c4300000, 0x00000000c4400000, 0x00000000c4400000|100%| S|CS|TAMS 0x00000000c4300000, 0x00000000c4300000| Complete 
|  42|0x00000000c4400000, 0x00000000c4400000, 0x00000000c4500000|  0%| F|  |TAMS 0x00000000c4400000, 0x00000000c4400000| Untracked 
|  43|0x00000000c4500000, 0x00000000c4500000, 0x00000000c4600000|  0%| F|  |TAMS 0x00000000c4500000, 0x00000000c4500000| Untracked 
|  44|0x00000000c4600000, 0x00000000c4600000, 0x00000000c4700000|  0%| F|  |TAMS 0x00000000c4600000, 0x00000000c4600000| Untracked 
|  45|0x00000000c4700000, 0x00000000c4700000, 0x00000000c4800000|  0%| F|  |TAMS 0x00000000c4700000, 0x00000000c4700000| Untracked 
|  46|0x00000000c4800000, 0x00000000c4800000, 0x00000000c4900000|  0%| F|  |TAMS 0x00000000c4800000, 0x00000000c4800000| Untracked 
|  47|0x00000000c4900000, 0x00000000c4900000, 0x00000000c4a00000|  0%| F|  |TAMS 0x00000000c4900000, 0x00000000c4900000| Untracked 
|  48|0x00000000c4a00000, 0x00000000c4a00000, 0x00000000c4b00000|  0%| F|  |TAMS 0x00000000c4a00000, 0x00000000c4a00000| Untracked 
|  49|0x00000000c4b00000, 0x00000000c4b00000, 0x00000000c4c00000|  0%| F|  |TAMS 0x00000000c4b00000, 0x00000000c4b00000| Untracked 
|  50|0x00000000c4c00000, 0x00000000c4c00000, 0x00000000c4d00000|  0%| F|  |TAMS 0x00000000c4c00000, 0x00000000c4c00000| Untracked 
|  51|0x00000000c4d00000, 0x00000000c4d00000, 0x00000000c4e00000|  0%| F|  |TAMS 0x00000000c4d00000, 0x00000000c4d00000| Untracked 
|  52|0x00000000c4e00000, 0x00000000c4e00000, 0x00000000c4f00000|  0%| F|  |TAMS 0x00000000c4e00000, 0x00000000c4e00000| Untracked 
|  53|0x00000000c4f00000, 0x00000000c4f00000, 0x00000000c5000000|  0%| F|  |TAMS 0x00000000c4f00000, 0x00000000c4f00000| Untracked 
|  54|0x00000000c5000000, 0x00000000c5000000, 0x00000000c5100000|  0%| F|  |TAMS 0x00000000c5000000, 0x00000000c5000000| Untracked 
|  55|0x00000000c5100000, 0x00000000c5100000, 0x00000000c5200000|  0%| F|  |TAMS 0x00000000c5100000, 0x00000000c5100000| Untracked 
|  56|0x00000000c5200000, 0x00000000c5200000, 0x00000000c5300000|  0%| F|  |TAMS 0x00000000c5200000, 0x00000000c5200000| Untracked 
|  57|0x00000000c5300000, 0x00000000c5300000, 0x00000000c5400000|  0%| F|  |TAMS 0x00000000c5300000, 0x00000000c5300000| Untracked 
|  58|0x00000000c5400000, 0x00000000c5400000, 0x00000000c5500000|  0%| F|  |TAMS 0x00000000c5400000, 0x00000000c5400000| Untracked 
|  59|0x00000000c5500000, 0x00000000c5500000, 0x00000000c5600000|  0%| F|  |TAMS 0x00000000c5500000, 0x00000000c5500000| Untracked 
|  60|0x00000000c5600000, 0x00000000c5600000, 0x00000000c5700000|  0%| F|  |TAMS 0x00000000c5600000, 0x00000000c5600000| Untracked 
|  61|0x00000000c5700000, 0x00000000c5700000, 0x00000000c5800000|  0%| F|  |TAMS 0x00000000c5700000, 0x00000000c5700000| Untracked 
|  62|0x00000000c5800000, 0x00000000c5800000, 0x00000000c5900000|  0%| F|  |TAMS 0x00000000c5800000, 0x00000000c5800000| Untracked 
|  63|0x00000000c5900000, 0x00000000c5900000, 0x00000000c5a00000|  0%| F|  |TAMS 0x00000000c5900000, 0x00000000c5900000| Untracked 
|  64|0x00000000c5a00000, 0x00000000c5a00000, 0x00000000c5b00000|  0%| F|  |TAMS 0x00000000c5a00000, 0x00000000c5a00000| Untracked 
|  65|0x00000000c5b00000, 0x00000000c5b00000, 0x00000000c5c00000|  0%| F|  |TAMS 0x00000000c5b00000, 0x00000000c5b00000| Untracked 
|  66|0x00000000c5c00000, 0x00000000c5c00000, 0x00000000c5d00000|  0%| F|  |TAMS 0x00000000c5c00000, 0x00000000c5c00000| Untracked 
|  67|0x00000000c5d00000, 0x00000000c5d00000, 0x00000000c5e00000|  0%| F|  |TAMS 0x00000000c5d00000, 0x00000000c5d00000| Untracked 
|  68|0x00000000c5e00000, 0x00000000c5e00000, 0x00000000c5f00000|  0%| F|  |TAMS 0x00000000c5e00000, 0x00000000c5e00000| Untracked 
|  69|0x00000000c5f00000, 0x00000000c5f00000, 0x00000000c6000000|  0%| F|  |TAMS 0x00000000c5f00000, 0x00000000c5f00000| Untracked 
|  70|0x00000000c6000000, 0x00000000c6000000, 0x00000000c6100000|  0%| F|  |TAMS 0x00000000c6000000, 0x00000000c6000000| Untracked 
|  71|0x00000000c6100000, 0x00000000c6100000, 0x00000000c6200000|  0%| F|  |TAMS 0x00000000c6100000, 0x00000000c6100000| Untracked 
|  72|0x00000000c6200000, 0x00000000c6200000, 0x00000000c6300000|  0%| F|  |TAMS 0x00000000c6200000, 0x00000000c6200000| Untracked 
|  73|0x00000000c6300000, 0x00000000c6300000, 0x00000000c6400000|  0%| F|  |TAMS 0x00000000c6300000, 0x00000000c6300000| Untracked 
|  74|0x00000000c6400000, 0x00000000c6400000, 0x00000000c6500000|  0%| F|  |TAMS 0x00000000c6400000, 0x00000000c6400000| Untracked 
|  75|0x00000000c6500000, 0x00000000c6500000, 0x00000000c6600000|  0%| F|  |TAMS 0x00000000c6500000, 0x00000000c6500000| Untracked 
|  76|0x00000000c6600000, 0x00000000c6600000, 0x00000000c6700000|  0%| F|  |TAMS 0x00000000c6600000, 0x00000000c6600000| Untracked 
|  77|0x00000000c6700000, 0x00000000c6700000, 0x00000000c6800000|  0%| F|  |TAMS 0x00000000c6700000, 0x00000000c6700000| Untracked 
|  78|0x00000000c6800000, 0x00000000c6800000, 0x00000000c6900000|  0%| F|  |TAMS 0x00000000c6800000, 0x00000000c6800000| Untracked 
|  79|0x00000000c6900000, 0x00000000c6900000, 0x00000000c6a00000|  0%| F|  |TAMS 0x00000000c6900000, 0x00000000c6900000| Untracked 
|  80|0x00000000c6a00000, 0x00000000c6a00000, 0x00000000c6b00000|  0%| F|  |TAMS 0x00000000c6a00000, 0x00000000c6a00000| Untracked 
|  81|0x00000000c6b00000, 0x00000000c6b00000, 0x00000000c6c00000|  0%| F|  |TAMS 0x00000000c6b00000, 0x00000000c6b00000| Untracked 
|  82|0x00000000c6c00000, 0x00000000c6c00000, 0x00000000c6d00000|  0%| F|  |TAMS 0x00000000c6c00000, 0x00000000c6c00000| Untracked 
|  83|0x00000000c6d00000, 0x00000000c6d00000, 0x00000000c6e00000|  0%| F|  |TAMS 0x00000000c6d00000, 0x00000000c6d00000| Untracked 
|  84|0x00000000c6e00000, 0x00000000c6e00000, 0x00000000c6f00000|  0%| F|  |TAMS 0x00000000c6e00000, 0x00000000c6e00000| Untracked 
|  85|0x00000000c6f00000, 0x00000000c6f00000, 0x00000000c7000000|  0%| F|  |TAMS 0x00000000c6f00000, 0x00000000c6f00000| Untracked 
|  86|0x00000000c7000000, 0x00000000c7000000, 0x00000000c7100000|  0%| F|  |TAMS 0x00000000c7000000, 0x00000000c7000000| Untracked 
|  87|0x00000000c7100000, 0x00000000c7100000, 0x00000000c7200000|  0%| F|  |TAMS 0x00000000c7100000, 0x00000000c7100000| Untracked 
|  88|0x00000000c7200000, 0x00000000c7200000, 0x00000000c7300000|  0%| F|  |TAMS 0x00000000c7200000, 0x00000000c7200000| Untracked 
|  89|0x00000000c7300000, 0x00000000c7300000, 0x00000000c7400000|  0%| F|  |TAMS 0x00000000c7300000, 0x00000000c7300000| Untracked 
|  90|0x00000000c7400000, 0x00000000c7400000, 0x00000000c7500000|  0%| F|  |TAMS 0x00000000c7400000, 0x00000000c7400000| Untracked 
|  91|0x00000000c7500000, 0x00000000c7500000, 0x00000000c7600000|  0%| F|  |TAMS 0x00000000c7500000, 0x00000000c7500000| Untracked 
|  92|0x00000000c7600000, 0x00000000c7600000, 0x00000000c7700000|  0%| F|  |TAMS 0x00000000c7600000, 0x00000000c7600000| Untracked 
|  93|0x00000000c7700000, 0x00000000c7700000, 0x00000000c7800000|  0%| F|  |TAMS 0x00000000c7700000, 0x00000000c7700000| Untracked 
|  94|0x00000000c7800000, 0x00000000c7800000, 0x00000000c7900000|  0%| F|  |TAMS 0x00000000c7800000, 0x00000000c7800000| Untracked 
|  95|0x00000000c7900000, 0x00000000c7900000, 0x00000000c7a00000|  0%| F|  |TAMS 0x00000000c7900000, 0x00000000c7900000| Untracked 
|  96|0x00000000c7a00000, 0x00000000c7a00000, 0x00000000c7b00000|  0%| F|  |TAMS 0x00000000c7a00000, 0x00000000c7a00000| Untracked 
|  97|0x00000000c7b00000, 0x00000000c7b00000, 0x00000000c7c00000|  0%| F|  |TAMS 0x00000000c7b00000, 0x00000000c7b00000| Untracked 
|  98|0x00000000c7c00000, 0x00000000c7c00000, 0x00000000c7d00000|  0%| F|  |TAMS 0x00000000c7c00000, 0x00000000c7c00000| Untracked 
|  99|0x00000000c7d00000, 0x00000000c7d00000, 0x00000000c7e00000|  0%| F|  |TAMS 0x00000000c7d00000, 0x00000000c7d00000| Untracked 
| 100|0x00000000c7e00000, 0x00000000c7e00000, 0x00000000c7f00000|  0%| F|  |TAMS 0x00000000c7e00000, 0x00000000c7e00000| Untracked 
| 101|0x00000000c7f00000, 0x00000000c7f00000, 0x00000000c8000000|  0%| F|  |TAMS 0x00000000c7f00000, 0x00000000c7f00000| Untracked 
| 102|0x00000000c8000000, 0x00000000c8000000, 0x00000000c8100000|  0%| F|  |TAMS 0x00000000c8000000, 0x00000000c8000000| Untracked 
| 103|0x00000000c8100000, 0x00000000c8100000, 0x00000000c8200000|  0%| F|  |TAMS 0x00000000c8100000, 0x00000000c8100000| Untracked 
| 104|0x00000000c8200000, 0x00000000c8200000, 0x00000000c8300000|  0%| F|  |TAMS 0x00000000c8200000, 0x00000000c8200000| Untracked 
| 105|0x00000000c8300000, 0x00000000c8300000, 0x00000000c8400000|  0%| F|  |TAMS 0x00000000c8300000, 0x00000000c8300000| Untracked 
| 106|0x00000000c8400000, 0x00000000c8400000, 0x00000000c8500000|  0%| F|  |TAMS 0x00000000c8400000, 0x00000000c8400000| Untracked 
| 107|0x00000000c8500000, 0x00000000c8500000, 0x00000000c8600000|  0%| F|  |TAMS 0x00000000c8500000, 0x00000000c8500000| Untracked 
| 108|0x00000000c8600000, 0x00000000c8600000, 0x00000000c8700000|  0%| F|  |TAMS 0x00000000c8600000, 0x00000000c8600000| Untracked 
| 109|0x00000000c8700000, 0x00000000c8700000, 0x00000000c8800000|  0%| F|  |TAMS 0x00000000c8700000, 0x00000000c8700000| Untracked 
| 110|0x00000000c8800000, 0x00000000c8800000, 0x00000000c8900000|  0%| F|  |TAMS 0x00000000c8800000, 0x00000000c8800000| Untracked 
| 111|0x00000000c8900000, 0x00000000c8900000, 0x00000000c8a00000|  0%| F|  |TAMS 0x00000000c8900000, 0x00000000c8900000| Untracked 
| 112|0x00000000c8a00000, 0x00000000c8a00000, 0x00000000c8b00000|  0%| F|  |TAMS 0x00000000c8a00000, 0x00000000c8a00000| Untracked 
| 113|0x00000000c8b00000, 0x00000000c8b00000, 0x00000000c8c00000|  0%| F|  |TAMS 0x00000000c8b00000, 0x00000000c8b00000| Untracked 
| 114|0x00000000c8c00000, 0x00000000c8c00000, 0x00000000c8d00000|  0%| F|  |TAMS 0x00000000c8c00000, 0x00000000c8c00000| Untracked 
| 115|0x00000000c8d00000, 0x00000000c8d00000, 0x00000000c8e00000|  0%| F|  |TAMS 0x00000000c8d00000, 0x00000000c8d00000| Untracked 
| 116|0x00000000c8e00000, 0x00000000c8e00000, 0x00000000c8f00000|  0%| F|  |TAMS 0x00000000c8e00000, 0x00000000c8e00000| Untracked 
| 117|0x00000000c8f00000, 0x00000000c8f00000, 0x00000000c9000000|  0%| F|  |TAMS 0x00000000c8f00000, 0x00000000c8f00000| Untracked 
| 118|0x00000000c9000000, 0x00000000c9100000, 0x00000000c9100000|100%| E|  |TAMS 0x00000000c9000000, 0x00000000c9000000| Complete 
| 119|0x00000000c9100000, 0x00000000c9200000, 0x00000000c9200000|100%| E|CS|TAMS 0x00000000c9100000, 0x00000000c9100000| Complete 
| 120|0x00000000c9200000, 0x00000000c9300000, 0x00000000c9300000|100%| E|CS|TAMS 0x00000000c9200000, 0x00000000c9200000| Complete 
| 121|0x00000000c9300000, 0x00000000c9400000, 0x00000000c9400000|100%| E|CS|TAMS 0x00000000c9300000, 0x00000000c9300000| Complete 
| 122|0x00000000c9400000, 0x00000000c9500000, 0x00000000c9500000|100%| E|CS|TAMS 0x00000000c9400000, 0x00000000c9400000| Complete 
| 123|0x00000000c9500000, 0x00000000c9600000, 0x00000000c9600000|100%| E|CS|TAMS 0x00000000c9500000, 0x00000000c9500000| Complete 
| 124|0x00000000c9600000, 0x00000000c9700000, 0x00000000c9700000|100%| E|CS|TAMS 0x00000000c9600000, 0x00000000c9600000| Complete 
| 125|0x00000000c9700000, 0x00000000c9800000, 0x00000000c9800000|100%| E|CS|TAMS 0x00000000c9700000, 0x00000000c9700000| Complete 
| 126|0x00000000c9800000, 0x00000000c9900000, 0x00000000c9900000|100%| E|CS|TAMS 0x00000000c9800000, 0x00000000c9800000| Complete 
| 127|0x00000000c9900000, 0x00000000c9a00000, 0x00000000c9a00000|100%| E|CS|TAMS 0x00000000c9900000, 0x00000000c9900000| Complete 
| 128|0x00000000c9a00000, 0x00000000c9b00000, 0x00000000c9b00000|100%| E|CS|TAMS 0x00000000c9a00000, 0x00000000c9a00000| Complete 
| 129|0x00000000c9b00000, 0x00000000c9c00000, 0x00000000c9c00000|100%| E|CS|TAMS 0x00000000c9b00000, 0x00000000c9b00000| Complete 
| 130|0x00000000c9c00000, 0x00000000c9d00000, 0x00000000c9d00000|100%| E|CS|TAMS 0x00000000c9c00000, 0x00000000c9c00000| Complete 
| 131|0x00000000c9d00000, 0x00000000c9e00000, 0x00000000c9e00000|100%| E|CS|TAMS 0x00000000c9d00000, 0x00000000c9d00000| Complete 
| 132|0x00000000c9e00000, 0x00000000c9f00000, 0x00000000c9f00000|100%| E|CS|TAMS 0x00000000c9e00000, 0x00000000c9e00000| Complete 
| 133|0x00000000c9f00000, 0x00000000ca000000, 0x00000000ca000000|100%| E|CS|TAMS 0x00000000c9f00000, 0x00000000c9f00000| Complete 
| 134|0x00000000ca000000, 0x00000000ca100000, 0x00000000ca100000|100%| E|CS|TAMS 0x00000000ca000000, 0x00000000ca000000| Complete 
| 135|0x00000000ca100000, 0x00000000ca200000, 0x00000000ca200000|100%| E|CS|TAMS 0x00000000ca100000, 0x00000000ca100000| Complete 
| 136|0x00000000ca200000, 0x00000000ca300000, 0x00000000ca300000|100%| E|CS|TAMS 0x00000000ca200000, 0x00000000ca200000| Complete 
| 137|0x00000000ca300000, 0x00000000ca400000, 0x00000000ca400000|100%| E|CS|TAMS 0x00000000ca300000, 0x00000000ca300000| Complete 
| 138|0x00000000ca400000, 0x00000000ca500000, 0x00000000ca500000|100%| E|CS|TAMS 0x00000000ca400000, 0x00000000ca400000| Complete 
| 139|0x00000000ca500000, 0x00000000ca600000, 0x00000000ca600000|100%| E|CS|TAMS 0x00000000ca500000, 0x00000000ca500000| Complete 
| 140|0x00000000ca600000, 0x00000000ca700000, 0x00000000ca700000|100%| E|CS|TAMS 0x00000000ca600000, 0x00000000ca600000| Complete 
| 141|0x00000000ca700000, 0x00000000ca800000, 0x00000000ca800000|100%| E|CS|TAMS 0x00000000ca700000, 0x00000000ca700000| Complete 
| 142|0x00000000ca800000, 0x00000000ca900000, 0x00000000ca900000|100%| E|CS|TAMS 0x00000000ca800000, 0x00000000ca800000| Complete 
| 143|0x00000000ca900000, 0x00000000caa00000, 0x00000000caa00000|100%| E|CS|TAMS 0x00000000ca900000, 0x00000000ca900000| Complete 
| 144|0x00000000caa00000, 0x00000000cab00000, 0x00000000cab00000|100%| E|CS|TAMS 0x00000000caa00000, 0x00000000caa00000| Complete 
| 145|0x00000000cab00000, 0x00000000cac00000, 0x00000000cac00000|100%| E|CS|TAMS 0x00000000cab00000, 0x00000000cab00000| Complete 
| 146|0x00000000cac00000, 0x00000000cad00000, 0x00000000cad00000|100%| E|CS|TAMS 0x00000000cac00000, 0x00000000cac00000| Complete 
| 147|0x00000000cad00000, 0x00000000cae00000, 0x00000000cae00000|100%| E|CS|TAMS 0x00000000cad00000, 0x00000000cad00000| Complete 
| 148|0x00000000cae00000, 0x00000000caf00000, 0x00000000caf00000|100%| E|CS|TAMS 0x00000000cae00000, 0x00000000cae00000| Complete 
| 149|0x00000000caf00000, 0x00000000cb000000, 0x00000000cb000000|100%| E|CS|TAMS 0x00000000caf00000, 0x00000000caf00000| Complete 
| 150|0x00000000cb000000, 0x00000000cb100000, 0x00000000cb100000|100%| E|CS|TAMS 0x00000000cb000000, 0x00000000cb000000| Complete 

Card table byte_map: [0x0000020ebf7e0000,0x0000020ebf9e0000] _byte_map_base: 0x0000020ebf1d3000

Marking Bits (Prev, Next): (CMBitMap*) 0x0000020eacf7dfb0, (CMBitMap*) 0x0000020eacf7df70
 Prev Bits: [0x0000020ec0b80000, 0x0000020ec1b18000)
 Next Bits: [0x0000020ebfbe0000, 0x0000020ec0b78000)

Polling page: 0x0000020eaad90000

Metaspace:

Usage:
  Non-class:     29.36 MB used.
      Class:      3.70 MB used.
       Both:     33.06 MB used.

Virtual space:
  Non-class space:       32.00 MB reserved,      29.50 MB ( 92%) committed,  4 nodes.
      Class space:        1.00 GB reserved,       3.81 MB ( <1%) committed,  1 nodes.
             Both:        1.03 GB reserved,      33.31 MB (  3%) committed. 

Chunk freelists:
   Non-Class:  1.86 MB
       Class:  128.00 KB
        Both:  1.98 MB

MaxMetaspaceSize: unlimited
CompressedClassSpaceSize: 1.00 GB
Initial GC threshold: 21.00 MB
Current GC threshold: 35.12 MB
CDS: off
MetaspaceReclaimPolicy: balanced
 - commit_granule_bytes: 65536.
 - commit_granule_words: 8192.
 - virtual_space_node_default_size: 1048576.
 - enlarge_chunks_in_place: 1.
 - new_chunks_are_fully_committed: 0.
 - uncommit_free_chunks: 1.
 - use_allocation_guard: 0.
 - handle_deallocations: 1.


Internal statistics:

num_allocs_failed_limit: 3.
num_arena_births: 182.
num_arena_deaths: 0.
num_vsnodes_births: 5.
num_vsnodes_deaths: 0.
num_space_committed: 533.
num_space_uncommitted: 0.
num_chunks_returned_to_freelist: 3.
num_chunks_taken_from_freelist: 803.
num_chunk_merges: 3.
num_chunk_splits: 537.
num_chunks_enlarged: 422.
num_purges: 0.
num_inconsistent_stats: 0.

CodeHeap 'non-profiled nmethods': size=120000Kb used=1228Kb max_used=1228Kb free=118771Kb
 bounds [0x0000020eb80b0000, 0x0000020eb8320000, 0x0000020ebf5e0000]
CodeHeap 'profiled nmethods': size=120000Kb used=6102Kb max_used=6102Kb free=113897Kb
 bounds [0x0000020eb0b80000, 0x0000020eb1180000, 0x0000020eb80b0000]
CodeHeap 'non-nmethods': size=5760Kb used=1280Kb max_used=1302Kb free=4479Kb
 bounds [0x0000020eb05e0000, 0x0000020eb0850000, 0x0000020eb0b80000]
 total_blobs=3638 nmethods=3048 adapters=502
 compilation: enabled
              stopped_count=0, restarted_count=0
 full_count=0

Compilation events (20 events):
Event: 50.072 Thread 0x0000020ec4047ca0 3039       1       java.time.temporal.ValueRange::getMaximum (5 bytes)
Event: 50.072 Thread 0x0000020ec4047ca0 nmethod 3039 0x0000020eb81e1a10 code [0x0000020eb81e1ba0, 0x0000020eb81e1c78]
Event: 50.073 Thread 0x0000020ec4047ca0 3040       3       org.openqa.selenium.remote.http.AbstractHttpCommandCodec$CommandSpec::<init> (7 bytes)
Event: 50.073 Thread 0x0000020ec4047ca0 nmethod 3040 0x0000020eb1168390 code [0x0000020eb1168520, 0x0000020eb1168668]
Event: 50.073 Thread 0x0000020ec4047ca0 3041       3       org.openqa.selenium.remote.http.AbstractHttpCommandCodec$CommandSpec::<init> (37 bytes)
Event: 50.074 Thread 0x0000020ec4047ca0 nmethod 3041 0x0000020eb1168710 code [0x0000020eb11689a0, 0x0000020eb11695b8]
Event: 50.074 Thread 0x0000020ec4047ca0 3042       3       com.google.common.base.Splitter$1::iterator (7 bytes)
Event: 50.074 Thread 0x0000020ec4047ca0 nmethod 3042 0x0000020eb1169a90 code [0x0000020eb1169c20, 0x0000020eb1169d68]
Event: 50.074 Thread 0x0000020ec4047ca0 3044       3       com.google.common.collect.ImmutableCollection$Builder::<init> (5 bytes)
Event: 50.075 Thread 0x0000020ec4047ca0 nmethod 3044 0x0000020eb1169e10 code [0x0000020eb1169fa0, 0x0000020eb116a0f8]
Event: 50.075 Thread 0x0000020ec4047ca0 3043       3       sun.security.provider.SHA2::implCompress (13 bytes)
Event: 50.075 Thread 0x0000020ec4047ca0 nmethod 3043 0x0000020eb116a190 code [0x0000020eb116a380, 0x0000020eb116a7c8]
Event: 50.075 Thread 0x0000020ec4047ca0 3045       3       okhttp3.Headers$Builder::checkNameAndValue (233 bytes)
Event: 50.081 Thread 0x0000020ec4047ca0 nmethod 3045 0x0000020eb116a990 code [0x0000020eb116afe0, 0x0000020eb116ecc8]
Event: 50.081 Thread 0x0000020ec4047ca0 3047       3       okio.Buffer::writeUtf8 (543 bytes)
Event: 50.086 Thread 0x0000020ec4047ca0 nmethod 3047 0x0000020eb1170190 code [0x0000020eb11707c0, 0x0000020eb11736d8]
Event: 50.086 Thread 0x0000020ec4047ca0 3046       3       okhttp3.internal.Util::delimiterOffset (34 bytes)
Event: 50.087 Thread 0x0000020ec4047ca0 nmethod 3046 0x0000020eb1174910 code [0x0000020eb1174b60, 0x0000020eb1175498]
Event: 53.705 Thread 0x0000020ec4027050 3049       4       org.openqa.selenium.io.MultiOutputStream::write (24 bytes)
Event: 53.707 Thread 0x0000020ec4047ca0 3053       3       java.io.OutputStream::write (34 bytes)

GC Heap History (16 events):
Event: 0.874 GC heap before
{Heap before GC invocations=0 (full 0):
 garbage-first heap   total 65536K, used 19456K [0x00000000c1a00000, 0x0000000100000000)
  region size 1024K, 13 young (13312K), 0 survivors (0K)
 Metaspace       used 8867K, committed 9088K, reserved 1056768K
  class space    used 782K, committed 896K, reserved 1048576K
}
Event: 0.890 GC heap after
{Heap after GC invocations=1 (full 0):
 garbage-first heap   total 65536K, used 15236K [0x00000000c1a00000, 0x0000000100000000)
  region size 1024K, 2 young (2048K), 2 survivors (2048K)
 Metaspace       used 8867K, committed 9088K, reserved 1056768K
  class space    used 782K, committed 896K, reserved 1048576K
}
Event: 1.362 GC heap before
{Heap before GC invocations=1 (full 0):
 garbage-first heap   total 65536K, used 20356K [0x00000000c1a00000, 0x0000000100000000)
  region size 1024K, 8 young (8192K), 2 survivors (2048K)
 Metaspace       used 13266K, committed 13376K, reserved 1064960K
  class space    used 1272K, committed 1344K, reserved 1048576K
}
Event: 1.369 GC heap after
{Heap after GC invocations=2 (full 0):
 garbage-first heap   total 65536K, used 16796K [0x00000000c1a00000, 0x0000000100000000)
  region size 1024K, 1 young (1024K), 1 survivors (1024K)
 Metaspace       used 13266K, committed 13376K, reserved 1064960K
  class space    used 1272K, committed 1344K, reserved 1048576K
}
Event: 2.305 GC heap before
{Heap before GC invocations=2 (full 0):
 garbage-first heap   total 65536K, used 30108K [0x00000000c1a00000, 0x0000000100000000)
  region size 1024K, 15 young (15360K), 1 survivors (1024K)
 Metaspace       used 18668K, committed 18816K, reserved 1073152K
  class space    used 1886K, committed 1984K, reserved 1048576K
}
Event: 2.310 GC heap after
{Heap after GC invocations=3 (full 0):
 garbage-first heap   total 65536K, used 18575K [0x00000000c1a00000, 0x0000000100000000)
  region size 1024K, 2 young (2048K), 2 survivors (2048K)
 Metaspace       used 18668K, committed 18816K, reserved 1073152K
  class space    used 1886K, committed 1984K, reserved 1048576K
}
Event: 2.735 GC heap before
{Heap before GC invocations=3 (full 0):
 garbage-first heap   total 65536K, used 25743K [0x00000000c1a00000, 0x0000000100000000)
  region size 1024K, 11 young (11264K), 2 survivors (2048K)
 Metaspace       used 21371K, committed 21504K, reserved 1073152K
  class space    used 2155K, committed 2240K, reserved 1048576K
}
Event: 2.741 GC heap after
{Heap after GC invocations=4 (full 0):
 garbage-first heap   total 65536K, used 19445K [0x00000000c1a00000, 0x0000000100000000)
  region size 1024K, 3 young (3072K), 3 survivors (3072K)
 Metaspace       used 21371K, committed 21504K, reserved 1073152K
  class space    used 2155K, committed 2240K, reserved 1048576K
}
Event: 3.346 GC heap before
{Heap before GC invocations=5 (full 0):
 garbage-first heap   total 65536K, used 39925K [0x00000000c1a00000, 0x0000000100000000)
  region size 1024K, 23 young (23552K), 3 survivors (3072K)
 Metaspace       used 25884K, committed 25984K, reserved 1073152K
  class space    used 2699K, committed 2752K, reserved 1048576K
}
Event: 3.352 GC heap after
{Heap after GC invocations=6 (full 0):
 garbage-first heap   total 65536K, used 21238K [0x00000000c1a00000, 0x0000000100000000)
  region size 1024K, 3 young (3072K), 3 survivors (3072K)
 Metaspace       used 25884K, committed 25984K, reserved 1073152K
  class space    used 2699K, committed 2752K, reserved 1048576K
}
Event: 3.354 GC heap before
{Heap before GC invocations=6 (full 0):
 garbage-first heap   total 65536K, used 22262K [0x00000000c1a00000, 0x0000000100000000)
  region size 1024K, 4 young (4096K), 3 survivors (3072K)
 Metaspace       used 25887K, committed 26048K, reserved 1073152K
  class space    used 2699K, committed 2752K, reserved 1048576K
}
Event: 3.358 GC heap after
{Heap after GC invocations=7 (full 0):
 garbage-first heap   total 65536K, used 21174K [0x00000000c1a00000, 0x0000000100000000)
  region size 1024K, 1 young (1024K), 1 survivors (1024K)
 Metaspace       used 25887K, committed 26048K, reserved 1073152K
  class space    used 2699K, committed 2752K, reserved 1048576K
}
Event: 3.388 GC heap before
{Heap before GC invocations=7 (full 0):
 garbage-first heap   total 65536K, used 40630K [0x00000000c1a00000, 0x0000000100000000)
  region size 1024K, 20 young (20480K), 1 survivors (1024K)
 Metaspace       used 25887K, committed 26048K, reserved 1073152K
  class space    used 2699K, committed 2752K, reserved 1048576K
}
Event: 3.389 GC heap after
{Heap after GC invocations=8 (full 0):
 garbage-first heap   total 65536K, used 21468K [0x00000000c1a00000, 0x0000000100000000)
  region size 1024K, 1 young (1024K), 1 survivors (1024K)
 Metaspace       used 25887K, committed 26048K, reserved 1073152K
  class space    used 2699K, committed 2752K, reserved 1048576K
}
Event: 3.675 GC heap before
{Heap before GC invocations=8 (full 0):
 garbage-first heap   total 65536K, used 42972K [0x00000000c1a00000, 0x0000000100000000)
  region size 1024K, 22 young (22528K), 1 survivors (1024K)
 Metaspace       used 27601K, committed 27776K, reserved 1081344K
  class space    used 2940K, committed 3008K, reserved 1048576K
}
Event: 3.679 GC heap after
{Heap after GC invocations=9 (full 0):
 garbage-first heap   total 154624K, used 22796K [0x00000000c1a00000, 0x0000000100000000)
  region size 1024K, 2 young (2048K), 2 survivors (2048K)
 Metaspace       used 27601K, committed 27776K, reserved 1081344K
  class space    used 2940K, committed 3008K, reserved 1048576K
}

Deoptimization events (20 events):
Event: 36.686 Thread 0x0000020eacf4f130 Uncommon trap: trap_request=0xffffffbe fr.pc=0x0000020eb81d2684 relative=0x00000000000002e4
Event: 36.686 Thread 0x0000020eacf4f130 Uncommon trap: reason=profile_predicate action=maybe_recompile pc=0x0000020eb81d2684 method=java.util.regex.Pattern$Slice.match(Ljava/util/regex/Matcher;ILjava/lang/CharSequence;)Z @ 18 c2
Event: 36.686 Thread 0x0000020eacf4f130 DEOPT PACKING pc=0x0000020eb81d2684 sp=0x000000cdab5fbee0
Event: 36.686 Thread 0x0000020eacf4f130 DEOPT UNPACKING pc=0x0000020eb06323a3 sp=0x000000cdab5fbe50 mode 2
Event: 36.689 Thread 0x0000020eacf4f130 Uncommon trap: trap_request=0xffffffde fr.pc=0x0000020eb81a6c90 relative=0x0000000000000250
Event: 36.689 Thread 0x0000020eacf4f130 Uncommon trap: reason=class_check action=maybe_recompile pc=0x0000020eb81a6c90 method=java.util.HashSet.contains(Ljava/lang/Object;)Z @ 5 c2
Event: 36.689 Thread 0x0000020eacf4f130 DEOPT PACKING pc=0x0000020eb81a6c90 sp=0x000000cdab5fc8f0
Event: 36.689 Thread 0x0000020eacf4f130 DEOPT UNPACKING pc=0x0000020eb06323a3 sp=0x000000cdab5fc898 mode 2
Event: 36.689 Thread 0x0000020eacf4f130 Uncommon trap: trap_request=0xffffffde fr.pc=0x0000020eb81a6c90 relative=0x0000000000000250
Event: 36.689 Thread 0x0000020eacf4f130 Uncommon trap: reason=class_check action=maybe_recompile pc=0x0000020eb81a6c90 method=java.util.HashSet.contains(Ljava/lang/Object;)Z @ 5 c2
Event: 36.689 Thread 0x0000020eacf4f130 DEOPT PACKING pc=0x0000020eb81a6c90 sp=0x000000cdab5fc8f0
Event: 36.689 Thread 0x0000020eacf4f130 DEOPT UNPACKING pc=0x0000020eb06323a3 sp=0x000000cdab5fc898 mode 2
Event: 43.455 Thread 0x0000020eacf4f130 Uncommon trap: trap_request=0xffffffbe fr.pc=0x0000020eb81d2684 relative=0x00000000000002e4
Event: 43.455 Thread 0x0000020eacf4f130 Uncommon trap: reason=profile_predicate action=maybe_recompile pc=0x0000020eb81d2684 method=java.util.regex.Pattern$Slice.match(Ljava/util/regex/Matcher;ILjava/lang/CharSequence;)Z @ 18 c2
Event: 43.455 Thread 0x0000020eacf4f130 DEOPT PACKING pc=0x0000020eb81d2684 sp=0x000000cdab5fc030
Event: 43.455 Thread 0x0000020eacf4f130 DEOPT UNPACKING pc=0x0000020eb06323a3 sp=0x000000cdab5fbfa0 mode 2
Event: 43.456 Thread 0x0000020eacf4f130 Uncommon trap: trap_request=0xffffffbe fr.pc=0x0000020eb81d2684 relative=0x00000000000002e4
Event: 43.456 Thread 0x0000020eacf4f130 Uncommon trap: reason=profile_predicate action=maybe_recompile pc=0x0000020eb81d2684 method=java.util.regex.Pattern$Slice.match(Ljava/util/regex/Matcher;ILjava/lang/CharSequence;)Z @ 18 c2
Event: 43.456 Thread 0x0000020eacf4f130 DEOPT PACKING pc=0x0000020eb81d2684 sp=0x000000cdab5fbee0
Event: 43.456 Thread 0x0000020eacf4f130 DEOPT UNPACKING pc=0x0000020eb06323a3 sp=0x000000cdab5fbe50 mode 2

Classes unloaded (0 events):
No events

Classes redefined (0 events):
No events

Internal exceptions (20 events):
Event: 47.758 Thread 0x0000020eacf4f130 Exception <a 'java/net/ConnectException'{0x00000000c9164798}: Connection refused: no further information> (0x00000000c9164798) 
thrown [e:\jenkins\tmp\workspace\build\src\src\hotspot\share\prims\jni.cpp, line 535]
Event: 47.758 Thread 0x0000020eacf4f130 Exception <a 'java/net/SocketException'{0x00000000c9164d78}: Socket is not connected: shutdown> (0x00000000c9164d78) 
thrown [e:\jenkins\tmp\workspace\build\src\src\hotspot\share\prims\jni.cpp, line 535]
Event: 47.760 Thread 0x0000020eacf4f130 Exception <a 'java/net/ConnectException'{0x00000000c9165880}: Connection refused: no further information> (0x00000000c9165880) 
thrown [e:\jenkins\tmp\workspace\build\src\src\hotspot\share\prims\jni.cpp, line 535]
Event: 47.760 Thread 0x0000020eacf4f130 Exception <a 'java/net/SocketException'{0x00000000c9165e60}: Socket is not connected: shutdown> (0x00000000c9165e60) 
thrown [e:\jenkins\tmp\workspace\build\src\src\hotspot\share\prims\jni.cpp, line 535]
Event: 47.761 Thread 0x0000020eacf4f130 Exception <a 'java/net/ConnectException'{0x00000000c9166968}: Connection refused: no further information> (0x00000000c9166968) 
thrown [e:\jenkins\tmp\workspace\build\src\src\hotspot\share\prims\jni.cpp, line 535]
Event: 47.761 Thread 0x0000020eacf4f130 Exception <a 'java/net/SocketException'{0x00000000c9166f48}: Socket is not connected: shutdown> (0x00000000c9166f48) 
thrown [e:\jenkins\tmp\workspace\build\src\src\hotspot\share\prims\jni.cpp, line 535]
Event: 47.761 Thread 0x0000020eacf4f130 Exception <a 'java/net/ConnectException'{0x00000000c9167a50}: Connection refused: no further information> (0x00000000c9167a50) 
thrown [e:\jenkins\tmp\workspace\build\src\src\hotspot\share\prims\jni.cpp, line 535]
Event: 47.762 Thread 0x0000020eacf4f130 Exception <a 'java/net/SocketException'{0x00000000c9168030}: Socket is not connected: shutdown> (0x00000000c9168030) 
thrown [e:\jenkins\tmp\workspace\build\src\src\hotspot\share\prims\jni.cpp, line 535]
Event: 47.762 Thread 0x0000020eacf4f130 Exception <a 'java/net/ConnectException'{0x00000000c9168b38}: Connection refused: no further information> (0x00000000c9168b38) 
thrown [e:\jenkins\tmp\workspace\build\src\src\hotspot\share\prims\jni.cpp, line 535]
Event: 47.762 Thread 0x0000020eacf4f130 Exception <a 'java/net/SocketException'{0x00000000c9169118}: Socket is not connected: shutdown> (0x00000000c9169118) 
thrown [e:\jenkins\tmp\workspace\build\src\src\hotspot\share\prims\jni.cpp, line 535]
Event: 47.762 Thread 0x0000020eacf4f130 Exception <a 'java/net/ConnectException'{0x00000000c9169c20}: Connection refused: no further information> (0x00000000c9169c20) 
thrown [e:\jenkins\tmp\workspace\build\src\src\hotspot\share\prims\jni.cpp, line 535]
Event: 47.763 Thread 0x0000020eacf4f130 Exception <a 'java/net/SocketException'{0x00000000c916a200}: Socket is not connected: shutdown> (0x00000000c916a200) 
thrown [e:\jenkins\tmp\workspace\build\src\src\hotspot\share\prims\jni.cpp, line 535]
Event: 47.763 Thread 0x0000020eacf4f130 Exception <a 'java/net/ConnectException'{0x00000000c916ad08}: Connection refused: no further information> (0x00000000c916ad08) 
thrown [e:\jenkins\tmp\workspace\build\src\src\hotspot\share\prims\jni.cpp, line 535]
Event: 47.763 Thread 0x0000020eacf4f130 Exception <a 'java/net/SocketException'{0x00000000c916b2e8}: Socket is not connected: shutdown> (0x00000000c916b2e8) 
thrown [e:\jenkins\tmp\workspace\build\src\src\hotspot\share\prims\jni.cpp, line 535]
Event: 47.764 Thread 0x0000020eacf4f130 Exception <a 'java/net/ConnectException'{0x00000000c916bdf0}: Connection refused: no further information> (0x00000000c916bdf0) 
thrown [e:\jenkins\tmp\workspace\build\src\src\hotspot\share\prims\jni.cpp, line 535]
Event: 47.764 Thread 0x0000020eacf4f130 Exception <a 'java/net/SocketException'{0x00000000c916c3d0}: Socket is not connected: shutdown> (0x00000000c916c3d0) 
thrown [e:\jenkins\tmp\workspace\build\src\src\hotspot\share\prims\jni.cpp, line 535]
Event: 47.764 Thread 0x0000020eacf4f130 Exception <a 'java/net/ConnectException'{0x00000000c916ced8}: Connection refused: no further information> (0x00000000c916ced8) 
thrown [e:\jenkins\tmp\workspace\build\src\src\hotspot\share\prims\jni.cpp, line 535]
Event: 47.764 Thread 0x0000020eacf4f130 Exception <a 'java/net/SocketException'{0x00000000c916d4b8}: Socket is not connected: shutdown> (0x00000000c916d4b8) 
thrown [e:\jenkins\tmp\workspace\build\src\src\hotspot\share\prims\jni.cpp, line 535]
Event: 47.765 Thread 0x0000020eacf4f130 Exception <a 'java/net/ConnectException'{0x00000000c916dfc0}: Connection refused: no further information> (0x00000000c916dfc0) 
thrown [e:\jenkins\tmp\workspace\build\src\src\hotspot\share\prims\jni.cpp, line 535]
Event: 47.765 Thread 0x0000020eacf4f130 Exception <a 'java/net/SocketException'{0x00000000c916e5a0}: Socket is not connected: shutdown> (0x00000000c916e5a0) 
thrown [e:\jenkins\tmp\workspace\build\src\src\hotspot\share\prims\jni.cpp, line 535]

VM Operations (20 events):
Event: 23.556 Executing VM operation: Cleanup
Event: 23.556 Executing VM operation: Cleanup done
Event: 25.575 Executing VM operation: Cleanup
Event: 25.575 Executing VM operation: Cleanup done
Event: 28.603 Executing VM operation: Cleanup
Event: 28.603 Executing VM operation: Cleanup done
Event: 36.606 Executing VM operation: Cleanup
Event: 36.606 Executing VM operation: Cleanup done
Event: 38.615 Executing VM operation: Cleanup
Event: 38.615 Executing VM operation: Cleanup done
Event: 39.617 Executing VM operation: Cleanup
Event: 39.618 Executing VM operation: Cleanup done
Event: 43.620 Executing VM operation: Cleanup
Event: 43.620 Executing VM operation: Cleanup done
Event: 46.620 Executing VM operation: Cleanup
Event: 46.620 Executing VM operation: Cleanup done
Event: 48.621 Executing VM operation: Cleanup
Event: 48.621 Executing VM operation: Cleanup done
Event: 50.631 Executing VM operation: Cleanup
Event: 50.631 Executing VM operation: Cleanup done

Events (20 events):
Event: 36.535 loading class java/util/function/ToIntFunction done
Event: 36.546 loading class java/net/InetAddress$CachedLocalHost
Event: 36.546 loading class java/net/InetAddress$CachedLocalHost done
Event: 36.548 loading class sun/misc/SharedSecrets
Event: 36.548 loading class sun/misc/SharedSecrets done
Event: 36.550 loading class java/util/stream/SortedOps$SizedRefSortingSink
Event: 36.551 loading class java/util/stream/SortedOps$SizedRefSortingSink done
Event: 36.555 loading class java/lang/Throwable$WrappedPrintWriter
Event: 36.555 loading class java/lang/Throwable$WrappedPrintWriter done
Event: 36.589 Thread 0x0000020ec65513b0 Thread added: 0x0000020ec65513b0
Event: 36.603 Thread 0x0000020ec6551880 Thread added: 0x0000020ec6551880
Event: 36.606 Thread 0x0000020ec6550540 Thread added: 0x0000020ec6550540
Event: 36.681 loading class jdk/internal/access/foreign/MemorySegmentProxy
Event: 36.681 loading class jdk/internal/access/foreign/MemorySegmentProxy done
Event: 43.329 Thread 0x0000020ec6550070 Thread added: 0x0000020ec6550070
Event: 43.350 Thread 0x0000020ec61fbc00 Thread added: 0x0000020ec61fbc00
Event: 43.352 Thread 0x0000020ec61fe750 Thread added: 0x0000020ec61fe750
Event: 47.687 Thread 0x0000020ec6202f80 Thread added: 0x0000020ec6202f80
Event: 47.702 Thread 0x0000020ec6203450 Thread added: 0x0000020ec6203450
Event: 47.706 Thread 0x0000020ec61fc0d0 Thread added: 0x0000020ec61fc0d0


Dynamic libraries:
0x00007ff7628e0000 - 0x00007ff7628ee000 	C:\Users\nandu\Downloads\eclipse-java-2021-12-R-win32-x86_64\eclipse\plugins\org.eclipse.justj.openjdk.hotspot.jre.full.win32.x86_64_17.0.1.v20211116-1657\jre\bin\javaw.exe
0x00007ff995f10000 - 0x00007ff996108000 	C:\Windows\SYSTEM32\ntdll.dll
0x00007ff978e80000 - 0x00007ff978e97000 	C:\Program Files\AVG\Antivirus\aswhook.dll
0x00007ff995290000 - 0x00007ff99534d000 	C:\Windows\System32\KERNEL32.DLL
0x00007ff993620000 - 0x00007ff9938f2000 	C:\Windows\System32\KERNELBASE.dll
0x00007ff993bc0000 - 0x00007ff993cc0000 	C:\Windows\System32\ucrtbase.dll
0x00007ff975260000 - 0x00007ff975278000 	C:\Users\nandu\Downloads\eclipse-java-2021-12-R-win32-x86_64\eclipse\plugins\org.eclipse.justj.openjdk.hotspot.jre.full.win32.x86_64_17.0.1.v20211116-1657\jre\bin\jli.dll
0x00007ff974120000 - 0x00007ff974139000 	C:\Users\nandu\Downloads\eclipse-java-2021-12-R-win32-x86_64\eclipse\plugins\org.eclipse.justj.openjdk.hotspot.jre.full.win32.x86_64_17.0.1.v20211116-1657\jre\bin\VCRUNTIME140.dll
0x00007ff9955e0000 - 0x00007ff99577d000 	C:\Windows\System32\USER32.dll
0x00007ff993900000 - 0x00007ff993922000 	C:\Windows\System32\win32u.dll
0x00007ff976070000 - 0x00007ff97630a000 	C:\Windows\WinSxS\amd64_microsoft.windows.common-controls_6595b64144ccf1df_6.0.19041.1110_none_60b5254171f9507e\COMCTL32.dll
0x00007ff9945d0000 - 0x00007ff9945fb000 	C:\Windows\System32\GDI32.dll
0x00007ff9959c0000 - 0x00007ff995a5e000 	C:\Windows\System32\msvcrt.dll
0x00007ff993e30000 - 0x00007ff993f3f000 	C:\Windows\System32\gdi32full.dll
0x00007ff993b20000 - 0x00007ff993bbd000 	C:\Windows\System32\msvcp_win.dll
0x00007ff995400000 - 0x00007ff995430000 	C:\Windows\System32\IMM32.DLL
0x00007ff978d60000 - 0x00007ff978d6c000 	C:\Users\nandu\Downloads\eclipse-java-2021-12-R-win32-x86_64\eclipse\plugins\org.eclipse.justj.openjdk.hotspot.jre.full.win32.x86_64_17.0.1.v20211116-1657\jre\bin\vcruntime140_1.dll
0x00007ff9731a0000 - 0x00007ff973231000 	C:\Users\nandu\Downloads\eclipse-java-2021-12-R-win32-x86_64\eclipse\plugins\org.eclipse.justj.openjdk.hotspot.jre.full.win32.x86_64_17.0.1.v20211116-1657\jre\bin\msvcp140.dll
0x00007ff943e60000 - 0x00007ff944aa6000 	C:\Users\nandu\Downloads\eclipse-java-2021-12-R-win32-x86_64\eclipse\plugins\org.eclipse.justj.openjdk.hotspot.jre.full.win32.x86_64_17.0.1.v20211116-1657\jre\bin\server\jvm.dll
0x00007ff9950d0000 - 0x00007ff99517e000 	C:\Windows\System32\ADVAPI32.dll
0x00007ff995920000 - 0x00007ff9959bc000 	C:\Windows\System32\sechost.dll
0x00007ff994600000 - 0x00007ff994725000 	C:\Windows\System32\RPCRT4.dll
0x00007ff995180000 - 0x00007ff995188000 	C:\Windows\System32\PSAPI.DLL
0x00007ff98d800000 - 0x00007ff98d809000 	C:\Windows\SYSTEM32\WSOCK32.dll
0x00007ff9755f0000 - 0x00007ff975617000 	C:\Windows\SYSTEM32\WINMM.dll
0x00007ff98cf40000 - 0x00007ff98cf4a000 	C:\Windows\SYSTEM32\VERSION.dll
0x00007ff995060000 - 0x00007ff9950cb000 	C:\Windows\System32\WS2_32.dll
0x00007ff991500000 - 0x00007ff991512000 	C:\Windows\SYSTEM32\kernel.appcore.dll
0x00007ff9788f0000 - 0x00007ff9788fa000 	C:\Users\nandu\Downloads\eclipse-java-2021-12-R-win32-x86_64\eclipse\plugins\org.eclipse.justj.openjdk.hotspot.jre.full.win32.x86_64_17.0.1.v20211116-1657\jre\bin\jimage.dll
0x00007ff98c620000 - 0x00007ff98c804000 	C:\Windows\SYSTEM32\DBGHELP.DLL
0x00007ff98c4e0000 - 0x00007ff98c50c000 	C:\Windows\SYSTEM32\dbgcore.DLL
0x00007ff993930000 - 0x00007ff9939b2000 	C:\Windows\System32\bcryptPrimitives.dll
0x00007ff973f70000 - 0x00007ff973f95000 	C:\Users\nandu\Downloads\eclipse-java-2021-12-R-win32-x86_64\eclipse\plugins\org.eclipse.justj.openjdk.hotspot.jre.full.win32.x86_64_17.0.1.v20211116-1657\jre\bin\java.dll
0x00007ff973f50000 - 0x00007ff973f68000 	C:\Users\nandu\Downloads\eclipse-java-2021-12-R-win32-x86_64\eclipse\plugins\org.eclipse.justj.openjdk.hotspot.jre.full.win32.x86_64_17.0.1.v20211116-1657\jre\bin\zip.dll
0x00007ff9947f0000 - 0x00007ff994f33000 	C:\Windows\System32\SHELL32.dll
0x00007ff991700000 - 0x00007ff991e91000 	C:\Windows\SYSTEM32\windows.storage.dll
0x00007ff9941c0000 - 0x00007ff994514000 	C:\Windows\System32\combase.dll
0x00007ff993080000 - 0x00007ff9930b0000 	C:\Windows\SYSTEM32\Wldp.dll
0x00007ff995350000 - 0x00007ff9953fd000 	C:\Windows\System32\SHCORE.dll
0x00007ff994790000 - 0x00007ff9947e5000 	C:\Windows\System32\shlwapi.dll
0x00007ff993560000 - 0x00007ff99357f000 	C:\Windows\SYSTEM32\profapi.dll
0x00007ff9733d0000 - 0x00007ff9733e9000 	C:\Users\nandu\Downloads\eclipse-java-2021-12-R-win32-x86_64\eclipse\plugins\org.eclipse.justj.openjdk.hotspot.jre.full.win32.x86_64_17.0.1.v20211116-1657\jre\bin\net.dll
0x00007ff989a00000 - 0x00007ff989b0d000 	C:\Windows\SYSTEM32\WINHTTP.dll
0x00007ff992de0000 - 0x00007ff992e4a000 	C:\Windows\system32\mswsock.dll
0x00007ff973270000 - 0x00007ff973285000 	C:\Users\nandu\Downloads\eclipse-java-2021-12-R-win32-x86_64\eclipse\plugins\org.eclipse.justj.openjdk.hotspot.jre.full.win32.x86_64_17.0.1.v20211116-1657\jre\bin\nio.dll
0x00007ff992ac0000 - 0x00007ff992b8a000 	C:\Windows\SYSTEM32\DNSAPI.dll
0x00007ff992a80000 - 0x00007ff992abb000 	C:\Windows\SYSTEM32\IPHLPAPI.DLL
0x00007ff995190000 - 0x00007ff995198000 	C:\Windows\System32\NSI.dll
0x00007ff989920000 - 0x00007ff98992a000 	C:\Windows\System32\rasadhlp.dll
0x00007ff989840000 - 0x00007ff9898c0000 	C:\Windows\System32\fwpuclnt.dll
0x00007ff993f40000 - 0x00007ff993f67000 	C:\Windows\System32\bcrypt.dll
0x00007ff978560000 - 0x00007ff97856e000 	C:\Users\nandu\Downloads\eclipse-java-2021-12-R-win32-x86_64\eclipse\plugins\org.eclipse.justj.openjdk.hotspot.jre.full.win32.x86_64_17.0.1.v20211116-1657\jre\bin\sunmscapi.dll
0x00007ff9939c0000 - 0x00007ff993b16000 	C:\Windows\System32\CRYPT32.dll
0x00007ff9930f0000 - 0x00007ff993117000 	C:\Windows\SYSTEM32\ncrypt.dll
0x00007ff9930b0000 - 0x00007ff9930eb000 	C:\Windows\SYSTEM32\NTASN1.dll
0x00007ff992fe0000 - 0x00007ff992ff8000 	C:\Windows\SYSTEM32\CRYPTSP.dll
0x00007ff992690000 - 0x00007ff9926c4000 	C:\Windows\system32\rsaenh.dll
0x00007ff9934e0000 - 0x00007ff99350e000 	C:\Windows\SYSTEM32\USERENV.dll
0x00007ff992fd0000 - 0x00007ff992fdc000 	C:\Windows\SYSTEM32\CRYPTBASE.dll
0x00007ff98c910000 - 0x00007ff98c927000 	C:\Windows\SYSTEM32\dhcpcsvc6.DLL
0x00007ff98cc40000 - 0x00007ff98cc5d000 	C:\Windows\SYSTEM32\dhcpcsvc.DLL
0x00007ff98f0d0000 - 0x00007ff98f0e0000 	C:\Users\nandu\Downloads\eclipse-java-2021-12-R-win32-x86_64\eclipse\plugins\org.eclipse.justj.openjdk.hotspot.jre.full.win32.x86_64_17.0.1.v20211116-1657\jre\bin\verify.dll
0x00007ff9809f0000 - 0x00007ff980a07000 	C:\Windows\system32\napinsp.dll
0x00007ff980990000 - 0x00007ff9809ab000 	C:\Windows\system32\pnrpnsp.dll
0x00007ff9809d0000 - 0x00007ff9809e5000 	C:\Windows\system32\wshbth.dll
0x00007ff98f020000 - 0x00007ff98f03d000 	C:\Windows\system32\NLAapi.dll
0x00007ff9871a0000 - 0x00007ff9871b2000 	C:\Windows\System32\winrnr.dll

dbghelp: loaded successfully - version: 4.0.5 - missing functions: none
symbol engine: initialized successfully - sym options: 0x614 - pdb path: .;C:\Users\nandu\Downloads\eclipse-java-2021-12-R-win32-x86_64\eclipse\plugins\org.eclipse.justj.openjdk.hotspot.jre.full.win32.x86_64_17.0.1.v20211116-1657\jre\bin;C:\Windows\SYSTEM32;C:\Program Files\AVG\Antivirus;C:\Windows\WinSxS\amd64_microsoft.windows.common-controls_6595b64144ccf1df_6.0.19041.1110_none_60b5254171f9507e;C:\Users\nandu\Downloads\eclipse-java-2021-12-R-win32-x86_64\eclipse\plugins\org.eclipse.justj.openjdk.hotspot.jre.full.win32.x86_64_17.0.1.v20211116-1657\jre\bin\server

VM Arguments:
jvm_args: -ea -Dfile.encoding=Cp1252 -XX:+ShowCodeDetailsInExceptionMessages 
java_command: org.testng.remote.RemoteTestNG -serport 56615 -protocol json -d C:\Users\nandu\git\PIV\bobcares\test-output C:\Users\nandu\AppData\Local\Temp\testng-eclipse--1741070099\testng-customsuite.xml
java_class_path (initial): C:\Program Files\eclipse-java-2021-12-R-win32-x86_64\eclipse\configuration\org.eclipse.osgi\429\0\.cp\lib\testng-remote.jar;C:\Users\nandu\git\PIV\bobcares\target\test-classes;C:\Users\nandu\git\PIV\bobcares\target\classes;C:\Users\nandu\Desktop\selenium\libra\commons-codec-1.15.jar;C:\Users\nandu\Desktop\selenium\libra\commons-collections4-4.4.jar;C:\Users\nandu\Desktop\selenium\libra\commons-compress-1.21.jar;C:\Users\nandu\Desktop\selenium\libra\commons-io-2.11.0.jar;C:\Users\nandu\Desktop\selenium\libra\commons-lang3-3.12.0.jar;C:\Users\nandu\Desktop\selenium\libra\commons-logging-1.2.jar;C:\Users\nandu\Desktop\selenium\libra\commons-math3-3.6.1.jar;C:\Users\nandu\Desktop\selenium\libra\curvesapi-1.06.jar;C:\Users\nandu\Desktop\selenium\libra\jquery-3.5.1.jar;C:\Users\nandu\Desktop\selenium\libra\log4j-api-2.17.1.jar;C:\Users\nandu\Desktop\selenium\libra\poi-5.2.0.jar;C:\Users\nandu\Desktop\selenium\libra\poi-examples-5.2.0.jar;C:\Users\nandu\Desktop\selenium\libra\poi-excelant-5.2.0.jar;C:\Users\nandu\Desktop\selenium\libra\poi-javadoc-5.2.0.jar;C:\Users\nandu\Desktop\selenium\libra\poi-ooxml-5.2.0.jar;C:\Users\nandu\Desktop\selenium\libra\poi-ooxml-full-5.2.0.jar;C:\Users\nandu\Desktop\selenium\libra\poi-ooxml-lite-5.2.0.jar;C:\Users\nandu\Desktop\selenium\libra\poi-scratchpad-5.2.0.jar;C:\Users\nandu\Desktop\selenium\libra\selenium-html-runner-3.141.59.jar;C:\Users\nandu\Desktop\selenium\libra\selenium-server-4.1.2.jar;C:\Users\nandu\Desktop\selenium\libra\slf4j-api-1.7.32.jar;C:\Users\nandu\Desktop\selenium\libra\SparseBitSet-1.2.jar;C:\Users\nandu\Desktop\selenium\libra\xmlbeans-5.0.3.jar;C:\Users\nandu\.m2\repository\org\apache\maven\plugins\maven-compiler-plugin\3.10.1\maven-compiler-plugin-3.10.1.jar;C:\Users\nandu\.m2\repository\org\apache\maven\shared\maven-shared-utils\3.3.4\maven-shared-utils-3.3.4.jar;C:\Users\nandu\.m2\repository\org\apache\maven\shared\maven-shared-incremental\1.1\maven-shared-incremental-1.1.jar;C:\Us
Launcher Type: SUN_STANDARD

[Global flags]
     intx CICompilerCount                          = 3                                         {product} {ergonomic}
     uint ConcGCThreads                            = 1                                         {product} {ergonomic}
     uint G1ConcRefinementThreads                  = 4                                         {product} {ergonomic}
   size_t G1HeapRegionSize                         = 1048576                                   {product} {ergonomic}
    uintx GCDrainStackTargetSize                   = 64                                        {product} {ergonomic}
   size_t InitialHeapSize                          = 67108864                                  {product} {ergonomic}
   size_t MarkStackSize                            = 4194304                                   {product} {ergonomic}
   size_t MaxHeapSize                              = 1046478848                                {product} {ergonomic}
   size_t MaxNewSize                               = 627048448                                 {product} {ergonomic}
   size_t MinHeapDeltaBytes                        = 1048576                                   {product} {ergonomic}
   size_t MinHeapSize                              = 8388608                                   {product} {ergonomic}
    uintx NonNMethodCodeHeapSize                   = 5832780                                {pd product} {ergonomic}
    uintx NonProfiledCodeHeapSize                  = 122912730                              {pd product} {ergonomic}
    uintx ProfiledCodeHeapSize                     = 122912730                              {pd product} {ergonomic}
    uintx ReservedCodeCacheSize                    = 251658240                              {pd product} {ergonomic}
     bool SegmentedCodeCache                       = true                                      {product} {ergonomic}
     bool ShowCodeDetailsInExceptionMessages       = true                                   {manageable} {command line}
   size_t SoftMaxHeapSize                          = 1046478848                             {manageable} {ergonomic}
     bool UseCompressedClassPointers               = true                           {product lp64_product} {ergonomic}
     bool UseCompressedOops                        = true                           {product lp64_product} {ergonomic}
     bool UseG1GC                                  = true                                      {product} {ergonomic}
     bool UseLargePagesIndividualAllocation        = false                                  {pd product} {ergonomic}

Logging:
Log output configuration:
 #0: stdout all=warning uptime,level,tags
 #1: stderr all=off uptime,level,tags

Environment Variables:
JAVA_HOME=C:\Program Files (x86)\Java\jre1.8.0_321
PATH=C:/Program Files/eclipse-java-2021-12-R-win32-x86_64/eclipse//plugins/org.eclipse.justj.openjdk.hotspot.jre.full.win32.x86_64_17.0.1.v20211116-1657/jre/bin/server;C:/Program Files/eclipse-java-2021-12-R-win32-x86_64/eclipse//plugins/org.eclipse.justj.openjdk.hotspot.jre.full.win32.x86_64_17.0.1.v20211116-1657/jre/bin;C:\Program Files (x86)\Common Files\Oracle\Java\javapath;C:\Windows\system32;C:\Windows;C:\Windows\System32\Wbem;C:\Windows\System32\WindowsPowerShell\v1.0\;C:\Windows\System32\OpenSSH\;C:\Program Files (x86)\Java\jre1.8.0_321\bin;C:\Program Files\MySQL\MySQL Shell 8.0\bin\;C:\Users\nandu\AppData\Local\Microsoft\WindowsApps;;C:\Program Files\eclipse-java-2021-12-R-win32-x86_64\eclipse;
USERNAME=nandu
OS=Windows_NT
PROCESSOR_IDENTIFIER=Intel64 Family 6 Model 58 Stepping 9, GenuineIntel



---------------  S Y S T E M  ---------------

OS:
 Windows 10 , 64 bit Build 19041 (10.0.19041.1889)
OS uptime: 0 days 3:34 hours

CPU: total 4 (initial active 4) (2 cores per cpu, 2 threads per core) family 6 model 58 stepping 9 microcode 0x21, cx8, cmov, fxsr, ht, mmx, sse, sse2, sse3, ssse3, sse4.1, sse4.2, popcnt, tsc, tscinvbit, avx, erms, clmul, vzeroupper, clflush

Memory: 4k page, system-wide physical 3990M (380M free)
TotalPageFile size 16278M (AvailPageFile size 6M)
current process WorkingSet (physical memory assigned to process): 76M, peak: 162M
current process commit charge ("private bytes"): 270M, peak: 277M

vm_info: OpenJDK 64-Bit Server VM (17.0.1+12) for windows-amd64 JRE (17.0.1+12), built on Oct 20 2021 07:42:55 by "" with MS VC++ 16.7 (VS2019)

END.
